test_pytest_testmon_installed,tests/test_cli126a_optimization.py,FAILED,Test failure,tests/test_cli126a_optimization.py::TestCLI126AOptimization::test_pytest_testmon_installed FAILED [ 66%]
test_pytest_xdist_installed,tests/test_cli126a_optimization.py,FAILED,Test failure,tests/test_cli126a_optimization.py::TestCLI126AOptimization::test_pytest_xdist_installed FAILED [100%]
test_selective_test_execution_markers,tests/test_cli126a_optimization.py,FAILED,Test failure,tests/test_cli126a_optimization.py::TestCLI126AOptimization::test_selective_test_execution_markers FAILED [ 33%]
test_cli126a_optimization_goal_achieved,tests/test_cli126a_optimization.py,FAILED,Test failure,tests/test_cli126a_optimization.py::TestCLI126AOptimization::test_cli126a_optimization_goal_achieved FAILED [ 66%]
test_active_test_count_in_target_range,tests/test_cli126c_deferred.py,FAILED,Test failure,tests/test_cli126c_deferred.py::TestCLI126CDeferredStrategy::test_active_test_count_in_target_range FAILED [ 33%]
test_core_functionality_tests_remain_active,tests/test_cli126c_deferred.py,FAILED,Test failure,tests/test_cli126c_deferred.py::TestCLI126CDeferredStrategy::test_core_functionality_tests_remain_active FAILED [ 33%]
test_cli126c_strategy_documentation_ready,tests/test_cli126c_deferred.py,FAILED,Test failure,tests/test_cli126c_deferred.py::TestCLI126CDeferredStrategy::test_cli126c_strategy_documentation_ready FAILED [100%]
test_package_editable_installation,tests/test_cli127_package.py,FAILED,Test failure,tests/test_cli127_package.py::TestCLI127PackageSetup::test_package_editable_installation FAILED [ 33%]
test_shadow_traffic_monitoring_metrics,tests/test_cli140g1_shadow.py,FAILED,Test failure,tests/test_cli140g1_shadow.py::TestCLI140gShadowTraffic::test_shadow_traffic_monitoring_metrics FAILED [ 66%]
test_shadow_traffic_error_threshold_monitoring,tests/test_cli140g1_shadow.py,FAILED,Test failure,tests/test_cli140g1_shadow.py::TestCLI140gShadowTraffic::test_shadow_traffic_error_threshold_monitoring FAILED [100%]
test_shadow_traffic_latency_threshold_monitoring,tests/test_cli140g1_shadow.py,FAILED,Test failure,tests/test_cli140g1_shadow.py::TestCLI140gShadowTraffic::test_shadow_traffic_latency_threshold_monitoring FAILED [ 33%]
test_subprocess_single_save,tests/test_mcp_integration.py,FAILED,Test failure,tests/test_mcp_integration.py::TestMCPIntegration::test_subprocess_single_save FAILED [ 33%]
test_subprocess_medium_scale,tests/test_mcp_integration.py,FAILED,Test failure,tests/test_mcp_integration.py::TestMCPIntegration::test_subprocess_medium_scale FAILED [ 66%]
test_subprocess_mock_qdrant_environment,tests/test_mcp_integration.py,FAILED,Test failure,tests/test_mcp_integration.py::TestMCPIntegration::test_subprocess_mock_qdrant_environment FAILED [100%]
test_subprocess_small_scale,tests/test_mcp_integration.py,FAILED,Test failure,tests/test_mcp_integration.py::TestMCPIntegration::test_subprocess_small_scale FAILED [ 33%]
test_timeout_retry_logic,tests/test_mcp_integration.py,FAILED,Test failure,tests/test_mcp_integration.py::TestMCPIntegration::test_timeout_retry_logic FAILED [100%]
