TestCLI133RAG,tests/test_cli133_rag.py,FAILED,Test failure,tests/test_cli133_rag.py::TestCLI133RAG::test_rag_search_with_path_filter FAILED [ 63%]
TestCLI133RAG,tests/test_cli133_rag.py,FAILED,Test failure,tests/test_cli133_rag.py::TestCLI133RAG::test_rag_search_combined_filters FAILED [ 68%]
TestCLI133RAG,tests/test_cli133_rag.py,FAILED,Test failure,tests/test_cli133_rag.py::TestCLI133RAG::test_rag_search_with_path_filter FAILED [ 33%]
TestCLI133RAG,tests/test_cli133_rag.py,FAILED,Test failure,tests/test_cli133_rag.py::TestCLI133RAG::test_rag_search_combined_filters FAILED [ 41%]
TestCLI133RAG,tests/test_cli133_rag.py,FAILED,Test failure,tests/test_cli133_rag.py::TestCLI133RAG::test_rag_search_with_path_filter FAILED [ 33%]
TestCLI133RAG,tests/test_cli133_rag.py,FAILED,Test failure,tests/test_cli133_rag.py::TestCLI133RAG::test_rag_search_combined_filters FAILED [ 41%]
TestCLI133RAG,tests/test_cli133_rag.py,FAILED,Test failure,tests/test_cli133_rag.py::TestCLI133RAG::test_rag_search_with_path_filter FAILED [ 33%]
TestCLI133RAG,tests/test_cli133_rag.py,FAILED,Test failure,tests/test_cli133_rag.py::TestCLI133RAG::test_rag_search_combined_filters FAILED [ 41%]
TestCLI133RAG,tests/test_cli133_rag.py,FAILED,Test failure,tests/test_cli133_rag.py::TestCLI133RAG::test_rag_search_with_path_filter FAILED [ 20%]
TestCLI133RAG,tests/test_cli133_rag.py,FAILED,Test failure,tests/test_cli133_rag.py::TestCLI133RAG::test_rag_search_combined_filters FAILED [ 25%]
TestCLI140m15Validation,tests/test_cli140m15_validation.py,FAILED,Test failure,tests/test_cli140m15_validation.py::TestCLI140m15Validation::test_pass_rate_target_validation FAILED [ 63%]
TestCLI140m15Validation,tests/test_cli140m15_validation.py,FAILED,Test failure,tests/test_cli140m15_validation.py::TestCLI140m15Validation::test_pass_rate_target_validation FAILED [ 20%]
test_enforce_single_test_per_cli,tests/test_enforce_single_test.py,FAILED,Test failure,tests/test_enforce_single_test.py::test_enforce_single_test_per_cli FAILED [ 33%]
