Test: test_rag_latency_validation_with_auth_fix, Status: PASSED but TIMEOUT, Runtime: 30.82s > 8s limit, Log: Line     4434: PASSED but exceeds runtime limit
Test: test_cloud_profiler_validation_with_auth_fix, Status: PASSED but TIMEOUT, Runtime: 18.39s > 8s limit, Log: Line     4435: PASSED but exceeds runtime limit
2025-06-18 13:32:15  - Test TIMEOUT: test_test_suite_count_compliance, File: test_test_suite_count_compliance, Runtime: 24.02s, Log: Line timeout-1
2025-06-18 13:32:15  - Test TIMEOUT: test_rag_latency_validation_with_auth_fix, File: test_rag_latency_validation_with_auth_fix, Runtime: 24.02s, Log: Line timeout-2
2025-06-18 13:32:15  - Test TIMEOUT: test_cli140m13_basic_coverage, File: test_cli140m13_basic_coverage, Runtime: 24.02s, Log: Line timeout-3
2025-06-18 13:32:15  - CSV Line 2: test_test_suite_count_compliance,test_test_suite_count_compliance,TIMEOUT,Timeout after 24.02s,Line timeout-1
2025-06-18 13:32:15  - CSV Line 3: test_rag_latency_validation_with_auth_fix,test_rag_latency_validation_with_auth_fix,TIMEOUT,Timeout after 24.02s,Line timeout-2
2025-06-18 13:32:15  - CSV Line 4: test_cli140m13_basic_coverage,test_cli140m13_basic_coverage,TIMEOUT,Timeout after 24.02s,Line timeout-3
2025-06-18 13:41:55  - Test TIMEOUT: test_timeout_fake, File: tests/test_timeout_fake.py, Runtime: 10.02s, Log: Line timeout-1
2025-06-18 13:41:55  - Test TIMEOUT: test_timeout_fake_short, File: tests/test_timeout_fake_short.py, Runtime: 10.02s, Log: Line timeout-2
2025-06-18 13:41:55  - Test TIMEOUT: test_root_endpoint, File: tests/test_root_endpoint.py, Runtime: 10.02s, Log: Line timeout-3
2025-06-18 13:41:55  - CSV Line 5: test_timeout_fake,tests/test_timeout_fake.py,TIMEOUT,Timeout after 10.02s,Line timeout-1
2025-06-18 13:41:55  - CSV Line 6: test_timeout_fake_short,tests/test_timeout_fake_short.py,TIMEOUT,Timeout after 10.02s,Line timeout-2
2025-06-18 13:41:55  - CSV Line 7: test_root_endpoint,tests/test_root_endpoint.py,TIMEOUT,Timeout after 10.02s,Line timeout-3
2025-06-18 13:42:50  - Test TIMEOUT: test_timeout_fake, File: tests/test_timeout_fake.py, Runtime: 10.02s, Log: Line timeout-1
2025-06-18 13:42:50  - Test TIMEOUT: test_bulk_upload_large_file, File: tests/test_bulk_upload_large_file.py, Runtime: 10.02s, Log: Line timeout-2
2025-06-18 13:42:50  - Test TIMEOUT: test_root_endpoint, File: tests/test_root_endpoint.py, Runtime: 10.02s, Log: Line timeout-3
2025-06-18 13:42:50  - CSV Line 2: test_timeout_fake,tests/test_timeout_fake.py,TIMEOUT,Timeout after 10.02s,Line timeout-1
2025-06-18 13:42:50  - CSV Line 3: test_bulk_upload_large_file,tests/test_bulk_upload_large_file.py,TIMEOUT,Timeout after 10.02s,Line timeout-2
2025-06-18 13:42:50  - CSV Line 4: test_root_endpoint,tests/test_root_endpoint.py,TIMEOUT,Timeout after 10.02s,Line timeout-3
2025-06-18 13:53:29  - Test TIMEOUT: test_test_suite_count_compliance, File: tests/test_test_suite_count_compliance.py, Runtime: 24.01s, Log: Line timeout-1
2025-06-18 13:53:29  - Test TIMEOUT: test_rag_latency_validation_with_auth_fix, File: tests/test_rag_latency_validation_with_auth_fix.py, Runtime: 24.01s, Log: Line timeout-2
2025-06-18 13:53:29  - Test TIMEOUT: test_cli140m13_basic_coverage, File: tests/test_cli140m13_basic_coverage.py, Runtime: 24.01s, Log: Line timeout-3
2025-06-18 13:53:29  - CSV Line 2: test_test_suite_count_compliance,tests/test_test_suite_count_compliance.py,TIMEOUT,Timeout after 24.01s,Line timeout-1
2025-06-18 13:53:29  - CSV Line 3: test_rag_latency_validation_with_auth_fix,tests/test_rag_latency_validation_with_auth_fix.py,TIMEOUT,Timeout after 24.01s,Line timeout-2
2025-06-18 13:53:29  - CSV Line 4: test_cli140m13_basic_coverage,tests/test_cli140m13_basic_coverage.py,TIMEOUT,Timeout after 24.01s,Line timeout-3
2025-06-18 13:54:08  - Test TIMEOUT: test_timeout_fake, File: tests/test_timeout_fake.py, Runtime: 10.02s, Log: Line timeout-1
2025-06-18 13:54:08  - Test TIMEOUT: test_score_threshold_strict, File: tests/test_score_threshold_strict.py, Runtime: 10.02s, Log: Line timeout-2
2025-06-18 13:54:08  - Test TIMEOUT: test_top_k_too_large, File: tests/test_top_k_too_large.py, Runtime: 10.02s, Log: Line timeout-3
2025-06-18 13:54:08  - CSV Line 5: test_timeout_fake,tests/test_timeout_fake.py,TIMEOUT,Timeout after 10.02s,Line timeout-1
2025-06-18 13:54:08  - CSV Line 6: test_score_threshold_strict,tests/test_score_threshold_strict.py,TIMEOUT,Timeout after 10.02s,Line timeout-2
2025-06-18 13:54:08  - CSV Line 7: test_top_k_too_large,tests/test_top_k_too_large.py,TIMEOUT,Timeout after 10.02s,Line timeout-3
2025-06-18 14:40:38 - Testing test_timeout_fake - Expected to TIMEOUT
+                    log_with_timestamp(f"Test TIMEOUT: {test_name}, File: {test_file}, Runtime: 8.0s+, Log: Line {i+1}")
+                    csv_writer.writerow([test_name, test_file, "TIMEOUT", "Timeout >8s from pytest-timeout", f"Line {i+1}"])
2025-06-18 15:47:26: Batch TIMEOUT after 24s
2025-06-18 15:47:51: Batch TIMEOUT after 24s
2025-06-18 15:56:25: Batch TIMEOUT after 24s
2025-06-18 15:56:49: Batch TIMEOUT after 24s
2025-06-18 15:57:14: Batch TIMEOUT after 24s
2025-06-18 15:57:38: Batch TIMEOUT after 24s
2025-06-18 15:59:02: Batch TIMEOUT after 24s
2025-06-18 15:59:26: Batch TIMEOUT after 24s
2025-06-18 15:59:51: Batch TIMEOUT after 24s
2025-06-18 16:00:15: Batch TIMEOUT after 24s
2025-06-18 16:00:40: Batch TIMEOUT after 24s
2025-06-18 16:01:04: Batch TIMEOUT after 24s
2025-06-18 16:01:29: Batch TIMEOUT after 24s
2025-06-18 16:01:54: Batch TIMEOUT after 24s
2025-06-18 16:02:18: Batch TIMEOUT after 24s
2025-06-18 16:02:43: Batch TIMEOUT after 24s
2025-06-18 16:03:07: Batch TIMEOUT after 24s
2025-06-18 16:03:32: Batch TIMEOUT after 24s
2025-06-18 16:05:11: Test summary: {'PASSED': 1134, 'SKIPPED': 44, 'TIMEOUT': 54, 'FAILED': 27}
2025-06-18 17:06:23: Filtering TIMEOUT tests from test_summary_cli140m47.txt
2025-06-18 17:06:23: Saved       54 TIMEOUT tests to timeout_tests_cli140m47.txt
2025-06-18 18:09:57: Batch TIMEOUT after 24s
2025-06-18 18:10:21: Batch TIMEOUT after 24s
2025-06-18 22:05:41: Batch TIMEOUT after 24s
2025-06-18 22:06:17: Batch TIMEOUT after 24s
2025-06-18 22:21:05: Test summary: {'PASSED': 1620, 'SKIPPED': 72, 'TIMEOUT': 6}
2025-06-18 22:21:20 CLI140m.52: Batch test completed successfully - 1620 PASSED, 72 SKIPPED, 6 TIMEOUT, 0 FAILED
2025-06-20 09:33:03 - Sample batch test completed: Collected 513 tests (vs expected 557), Results: 172 PASSED, 412 UNKNOWN, 6 SKIPPED, 0 FAILED, 0 TIMEOUT
2025-06-20 10:04:00 CLI140m.61 SAMPLE TEST SUCCESS: 5 batches, 15 tests, 15 PASSED, 0 UNKNOWN, 0 FAILED, 0 TIMEOUT, 0 SKIPPED
2025-06-20 10:30:17: Batch TIMEOUT after 24s
2025-06-20 10:30:41: Batch TIMEOUT after 24s
2025-06-20 10:33:21: Test summary: {'SKIPPED': 370, 'PASSED': 134, 'UNKNOWN': 3, 'TIMEOUT': 6}
